{
  "uid" : "7015bd5d8d76c17e",
  "name" : "Delete existing label for authorized user",
  "fullName" : "Labels: Delete existing label for authorized user",
  "historyId" : "2c6293600b0540488b45a54267780550",
  "time" : {
    "start" : 1615281072476,
    "stop" : 1615281073488,
    "duration" : 1012
  },
  "status" : "failed",
  "statusMessage" : "AssertionError\n",
  "statusTrace" : "  File \"/opt/hostedtoolcache/Python/3.9.2/x64/lib/python3.9/site-packages/behave/model.py\", line 1329, in run\n    match.run(runner.context)\n  File \"/opt/hostedtoolcache/Python/3.9.2/x64/lib/python3.9/site-packages/behave/matchers.py\", line 98, in run\n    self.func(context, *args, **kwargs)\n  File \"features/steps/web_steps.py\", line 29, in delete_label_with_title\n    maybe_throw_assertion_exception(title)\n  File \"features/steps/web_steps.py\", line 85, in maybe_throw_assertion_exception\n    assert text == \"another text\"\n",
  "flaky" : true,
  "newFailed" : false,
  "beforeStages" : [ ],
  "testStage" : {
    "status" : "failed",
    "statusMessage" : "AssertionError\n",
    "statusTrace" : "  File \"/opt/hostedtoolcache/Python/3.9.2/x64/lib/python3.9/site-packages/behave/model.py\", line 1329, in run\n    match.run(runner.context)\n  File \"/opt/hostedtoolcache/Python/3.9.2/x64/lib/python3.9/site-packages/behave/matchers.py\", line 98, in run\n    self.func(context, *args, **kwargs)\n  File \"features/steps/web_steps.py\", line 29, in delete_label_with_title\n    maybe_throw_assertion_exception(title)\n  File \"features/steps/web_steps.py\", line 85, in maybe_throw_assertion_exception\n    assert text == \"another text\"\n",
    "steps" : [ {
      "name" : "When I open labels page",
      "time" : {
        "start" : 1615281072477,
        "stop" : 1615281072485,
        "duration" : 8
      },
      "status" : "passed",
      "steps" : [ ],
      "attachments" : [ ],
      "parameters" : [ ],
      "stepsCount" : 0,
      "attachmentsCount" : 0,
      "shouldDisplayMessage" : false,
      "hasContent" : false
    }, {
      "name" : "And I create label with title \"hello\"",
      "time" : {
        "start" : 1615281072485,
        "stop" : 1615281072485,
        "duration" : 0
      },
      "status" : "passed",
      "steps" : [ ],
      "attachments" : [ ],
      "parameters" : [ ],
      "stepsCount" : 0,
      "attachmentsCount" : 0,
      "shouldDisplayMessage" : false,
      "hasContent" : false
    }, {
      "name" : "And I delete label with title \"hello\"",
      "time" : {
        "start" : 1615281072485,
        "stop" : 1615281073487,
        "duration" : 1002
      },
      "status" : "failed",
      "statusMessage" : "AssertionError\n",
      "statusTrace" : "  File \"/opt/hostedtoolcache/Python/3.9.2/x64/lib/python3.9/site-packages/behave/model.py\", line 1329, in run\n    match.run(runner.context)\n  File \"/opt/hostedtoolcache/Python/3.9.2/x64/lib/python3.9/site-packages/behave/matchers.py\", line 98, in run\n    self.func(context, *args, **kwargs)\n  File \"features/steps/web_steps.py\", line 29, in delete_label_with_title\n    maybe_throw_assertion_exception(title)\n  File \"features/steps/web_steps.py\", line 85, in maybe_throw_assertion_exception\n    assert text == \"another text\"\n",
      "steps" : [ ],
      "attachments" : [ ],
      "parameters" : [ ],
      "stepsCount" : 0,
      "attachmentsCount" : 0,
      "shouldDisplayMessage" : true,
      "hasContent" : true
    }, {
      "name" : "Then I should not see note with content \"hello\"",
      "time" : {
        "start" : 1615281073488,
        "stop" : 1615281073488,
        "duration" : 0
      },
      "status" : "skipped",
      "steps" : [ ],
      "attachments" : [ ],
      "parameters" : [ ],
      "stepsCount" : 0,
      "attachmentsCount" : 0,
      "shouldDisplayMessage" : false,
      "hasContent" : false
    } ],
    "attachments" : [ ],
    "parameters" : [ ],
    "stepsCount" : 4,
    "attachmentsCount" : 0,
    "shouldDisplayMessage" : false,
    "hasContent" : true
  },
  "afterStages" : [ ],
  "labels" : [ {
    "name" : "severity",
    "value" : "normal"
  }, {
    "name" : "tag",
    "value" : "smoke"
  }, {
    "name" : "feature",
    "value" : "Labels"
  }, {
    "name" : "framework",
    "value" : "behave"
  }, {
    "name" : "language",
    "value" : "cpython3"
  }, {
    "name" : "resultFormat",
    "value" : "allure2"
  } ],
  "parameters" : [ ],
  "links" : [ ],
  "hidden" : false,
  "retry" : false,
  "extra" : {
    "severity" : "normal",
    "retries" : [ ],
    "categories" : [ {
      "name" : "Product defects",
      "matchedStatuses" : [ ],
      "flaky" : false
    } ],
    "history" : {
      "statistic" : {
        "failed" : 6,
        "broken" : 3,
        "skipped" : 0,
        "passed" : 4,
        "unknown" : 0,
        "total" : 13
      },
      "items" : [ {
        "uid" : "9f7bf58e68e86897",
        "reportUrl" : "https://allure-examples.github.io/allure-python-behave/12//#testresult/9f7bf58e68e86897",
        "status" : "failed",
        "statusDetails" : "AssertionError\n",
        "time" : {
          "start" : 1613162975976,
          "stop" : 1613162976979,
          "duration" : 1003
        }
      }, {
        "uid" : "234bd357d33f6ca3",
        "reportUrl" : "https://allure-examples.github.io/allure-python-behave/11//#testresult/234bd357d33f6ca3",
        "status" : "passed",
        "time" : {
          "start" : 1613162045172,
          "stop" : 1613162047176,
          "duration" : 2004
        }
      }, {
        "uid" : "dfb6cd93c7dbe9e0",
        "reportUrl" : "https://allure-examples.github.io/allure-python-behave/10//#testresult/dfb6cd93c7dbe9e0",
        "status" : "broken",
        "statusDetails" : "RuntimeError: Element not found for xpath [//div[@class='something']]\n",
        "time" : {
          "start" : 1613144194915,
          "stop" : 1613144194916,
          "duration" : 1
        }
      }, {
        "uid" : "ba2cd689a3aa7a38",
        "reportUrl" : "https://allure-examples.github.io/allure-python-behave/9//#testresult/ba2cd689a3aa7a38",
        "status" : "broken",
        "statusDetails" : "RuntimeError: Element not found for xpath [//div[@class='something']]\n",
        "time" : {
          "start" : 1613140747992,
          "stop" : 1613140747993,
          "duration" : 1
        }
      }, {
        "uid" : "179826be5037e928",
        "reportUrl" : "https://allure-examples.github.io/allure-python-behave/8//#testresult/179826be5037e928",
        "status" : "broken",
        "statusDetails" : "RuntimeError: Element not found for xpath [//div[@class='something']]\n",
        "time" : {
          "start" : 1613137381597,
          "stop" : 1613137381598,
          "duration" : 1
        }
      }, {
        "uid" : "5be2d624ab45129f",
        "reportUrl" : "https://allure-examples.github.io/allure-python-behave/7//#testresult/5be2d624ab45129f",
        "status" : "passed",
        "time" : {
          "start" : 1613137068897,
          "stop" : 1613137070901,
          "duration" : 2004
        }
      }, {
        "uid" : "aee52f6842e7763c",
        "reportUrl" : "https://allure-examples.github.io/allure-python-behave/6//#testresult/aee52f6842e7763c",
        "status" : "failed",
        "statusDetails" : "AssertionError\n",
        "time" : {
          "start" : 1613136485327,
          "stop" : 1613136487332,
          "duration" : 2005
        }
      }, {
        "uid" : "68f515747b29677e",
        "reportUrl" : "https://allure-examples.github.io/allure-python-behave/5//#testresult/68f515747b29677e",
        "status" : "failed",
        "statusDetails" : "AssertionError\n",
        "time" : {
          "start" : 1613136235234,
          "stop" : 1613136237239,
          "duration" : 2005
        }
      }, {
        "uid" : "795e128499e1d346",
        "reportUrl" : "https://allure-examples.github.io/allure-python-behave/4//#testresult/795e128499e1d346",
        "status" : "passed",
        "time" : {
          "start" : 1613135340962,
          "stop" : 1613135342966,
          "duration" : 2004
        }
      }, {
        "uid" : "c6a5a2f42e34cee",
        "reportUrl" : "https://allure-examples.github.io/allure-python-behave/3//#testresult/c6a5a2f42e34cee",
        "status" : "failed",
        "statusDetails" : "AssertionError\n",
        "time" : {
          "start" : 1611117969821,
          "stop" : 1611117971826,
          "duration" : 2005
        }
      }, {
        "uid" : "67e20e71fce5cce1",
        "reportUrl" : "https://allure-examples.github.io/allure-python-behave/2//#testresult/67e20e71fce5cce1",
        "status" : "failed",
        "statusDetails" : "AssertionError\n",
        "time" : {
          "start" : 1606479769860,
          "stop" : 1606479771865,
          "duration" : 2005
        }
      }, {
        "uid" : "b49a7bd5cfd00cee",
        "reportUrl" : "https://allure-examples.github.io/allure-python-behave/1//#testresult/b49a7bd5cfd00cee",
        "status" : "passed",
        "time" : {
          "start" : 1598590256856,
          "stop" : 1598590258860,
          "duration" : 2004
        }
      } ]
    },
    "tags" : [ "smoke" ]
  },
  "source" : "7015bd5d8d76c17e.json",
  "parameterValues" : [ ]
}