{
  "uid" : "aee52f6842e7763c",
  "name" : "Delete existing label for authorized user",
  "fullName" : "Labels: Delete existing label for authorized user",
  "historyId" : "2c6293600b0540488b45a54267780550",
  "time" : {
    "start" : 1613136485327,
    "stop" : 1613136487332,
    "duration" : 2005
  },
  "status" : "failed",
  "statusMessage" : "AssertionError\n",
  "statusTrace" : "  File \"/opt/hostedtoolcache/Python/3.9.1/x64/lib/python3.9/site-packages/behave/model.py\", line 1329, in run\n    match.run(runner.context)\n  File \"/opt/hostedtoolcache/Python/3.9.1/x64/lib/python3.9/site-packages/behave/matchers.py\", line 98, in run\n    self.func(context, *args, **kwargs)\n  File \"features/steps/web_steps.py\", line 39, in notes_should_not_contains_note_with_text\n    maybe_throw_assertion_exception(text)\n  File \"features/steps/web_steps.py\", line 85, in maybe_throw_assertion_exception\n    assert text == \"another text\"\n",
  "flaky" : true,
  "newFailed" : false,
  "beforeStages" : [ ],
  "testStage" : {
    "status" : "failed",
    "statusMessage" : "AssertionError\n",
    "statusTrace" : "  File \"/opt/hostedtoolcache/Python/3.9.1/x64/lib/python3.9/site-packages/behave/model.py\", line 1329, in run\n    match.run(runner.context)\n  File \"/opt/hostedtoolcache/Python/3.9.1/x64/lib/python3.9/site-packages/behave/matchers.py\", line 98, in run\n    self.func(context, *args, **kwargs)\n  File \"features/steps/web_steps.py\", line 39, in notes_should_not_contains_note_with_text\n    maybe_throw_assertion_exception(text)\n  File \"features/steps/web_steps.py\", line 85, in maybe_throw_assertion_exception\n    assert text == \"another text\"\n",
    "steps" : [ {
      "name" : "When I open labels page",
      "time" : {
        "start" : 1613136485328,
        "stop" : 1613136485328,
        "duration" : 0
      },
      "status" : "passed",
      "steps" : [ ],
      "attachments" : [ ],
      "parameters" : [ ],
      "stepsCount" : 0,
      "attachmentsCount" : 0,
      "shouldDisplayMessage" : false,
      "hasContent" : false
    }, {
      "name" : "And I create label with title \"hello\"",
      "time" : {
        "start" : 1613136485328,
        "stop" : 1613136485328,
        "duration" : 0
      },
      "status" : "passed",
      "steps" : [ ],
      "attachments" : [ ],
      "parameters" : [ ],
      "stepsCount" : 0,
      "attachmentsCount" : 0,
      "shouldDisplayMessage" : false,
      "hasContent" : false
    }, {
      "name" : "And I delete label with title \"hello\"",
      "time" : {
        "start" : 1613136485328,
        "stop" : 1613136486330,
        "duration" : 1002
      },
      "status" : "passed",
      "steps" : [ ],
      "attachments" : [ ],
      "parameters" : [ ],
      "stepsCount" : 0,
      "attachmentsCount" : 0,
      "shouldDisplayMessage" : false,
      "hasContent" : false
    }, {
      "name" : "Then I should not see note with content \"hello\"",
      "time" : {
        "start" : 1613136486330,
        "stop" : 1613136487332,
        "duration" : 1002
      },
      "status" : "failed",
      "statusMessage" : "AssertionError\n",
      "statusTrace" : "  File \"/opt/hostedtoolcache/Python/3.9.1/x64/lib/python3.9/site-packages/behave/model.py\", line 1329, in run\n    match.run(runner.context)\n  File \"/opt/hostedtoolcache/Python/3.9.1/x64/lib/python3.9/site-packages/behave/matchers.py\", line 98, in run\n    self.func(context, *args, **kwargs)\n  File \"features/steps/web_steps.py\", line 39, in notes_should_not_contains_note_with_text\n    maybe_throw_assertion_exception(text)\n  File \"features/steps/web_steps.py\", line 85, in maybe_throw_assertion_exception\n    assert text == \"another text\"\n",
      "steps" : [ ],
      "attachments" : [ ],
      "parameters" : [ ],
      "stepsCount" : 0,
      "attachmentsCount" : 0,
      "shouldDisplayMessage" : true,
      "hasContent" : true
    } ],
    "attachments" : [ ],
    "parameters" : [ ],
    "stepsCount" : 4,
    "attachmentsCount" : 0,
    "shouldDisplayMessage" : false,
    "hasContent" : true
  },
  "afterStages" : [ ],
  "labels" : [ {
    "name" : "severity",
    "value" : "normal"
  }, {
    "name" : "tag",
    "value" : "smoke"
  }, {
    "name" : "feature",
    "value" : "Labels"
  }, {
    "name" : "framework",
    "value" : "behave"
  }, {
    "name" : "language",
    "value" : "cpython3"
  }, {
    "name" : "resultFormat",
    "value" : "allure2"
  } ],
  "parameters" : [ ],
  "links" : [ ],
  "hidden" : false,
  "retry" : false,
  "extra" : {
    "severity" : "normal",
    "retries" : [ ],
    "categories" : [ {
      "name" : "Product defects",
      "matchedStatuses" : [ ],
      "flaky" : false
    } ],
    "history" : {
      "statistic" : {
        "failed" : 4,
        "broken" : 0,
        "skipped" : 0,
        "passed" : 2,
        "unknown" : 0,
        "total" : 6
      },
      "items" : [ {
        "uid" : "68f515747b29677e",
        "reportUrl" : "https://allure-examples.github.io/allure-python-behave/5//#testresult/68f515747b29677e",
        "status" : "failed",
        "statusDetails" : "AssertionError\n",
        "time" : {
          "start" : 1613136235234,
          "stop" : 1613136237239,
          "duration" : 2005
        }
      }, {
        "uid" : "795e128499e1d346",
        "reportUrl" : "https://allure-examples.github.io/allure-python-behave/4//#testresult/795e128499e1d346",
        "status" : "passed",
        "time" : {
          "start" : 1613135340962,
          "stop" : 1613135342966,
          "duration" : 2004
        }
      }, {
        "uid" : "c6a5a2f42e34cee",
        "reportUrl" : "https://allure-examples.github.io/allure-python-behave/3//#testresult/c6a5a2f42e34cee",
        "status" : "failed",
        "statusDetails" : "AssertionError\n",
        "time" : {
          "start" : 1611117969821,
          "stop" : 1611117971826,
          "duration" : 2005
        }
      }, {
        "uid" : "67e20e71fce5cce1",
        "reportUrl" : "https://allure-examples.github.io/allure-python-behave/2//#testresult/67e20e71fce5cce1",
        "status" : "failed",
        "statusDetails" : "AssertionError\n",
        "time" : {
          "start" : 1606479769860,
          "stop" : 1606479771865,
          "duration" : 2005
        }
      }, {
        "uid" : "b49a7bd5cfd00cee",
        "reportUrl" : "https://allure-examples.github.io/allure-python-behave/1//#testresult/b49a7bd5cfd00cee",
        "status" : "passed",
        "time" : {
          "start" : 1598590256856,
          "stop" : 1598590258860,
          "duration" : 2004
        }
      } ]
    },
    "tags" : [ "smoke" ]
  },
  "source" : "aee52f6842e7763c.json",
  "parameterValues" : [ ]
}